<?xml version="1.0" encoding="UTF-8"?>
<testsuite xmlns:xsi="http://www.w3.org/2001/XMLSchema-instance" xsi:noNamespaceSchemaLocation="https://maven.apache.org/surefire/maven-surefire-plugin/xsd/surefire-test-report-3.0.xsd" version="3.0" name="TestSuite" time="9.209" tests="8" errors="0" skipped="0" failures="0">
  <properties>
    <property name="sun.desktop" value="windows"/>
    <property name="awt.toolkit" value="sun.awt.windows.WToolkit"/>
    <property name="java.specification.version" value="11"/>
    <property name="sun.cpu.isalist" value="amd64"/>
    <property name="sun.jnu.encoding" value="Cp1252"/>
    <property name="java.class.path" value="C:\Users\maaro\eclipse-workspace\todo-application-api-project\target\test-classes;C:\Users\maaro\eclipse-workspace\todo-application-api-project\target\classes;C:\Users\maaro\.m2\repository\io\rest-assured\rest-assured\5.3.2\rest-assured-5.3.2.jar;C:\Users\maaro\.m2\repository\org\apache\groovy\groovy\4.0.11\groovy-4.0.11.jar;C:\Users\maaro\.m2\repository\org\apache\groovy\groovy-xml\4.0.11\groovy-xml-4.0.11.jar;C:\Users\maaro\.m2\repository\org\apache\httpcomponents\httpclient\4.5.13\httpclient-4.5.13.jar;C:\Users\maaro\.m2\repository\org\apache\httpcomponents\httpcore\4.4.13\httpcore-4.4.13.jar;C:\Users\maaro\.m2\repository\commons-logging\commons-logging\1.2\commons-logging-1.2.jar;C:\Users\maaro\.m2\repository\commons-codec\commons-codec\1.11\commons-codec-1.11.jar;C:\Users\maaro\.m2\repository\org\apache\httpcomponents\httpmime\4.5.13\httpmime-4.5.13.jar;C:\Users\maaro\.m2\repository\org\hamcrest\hamcrest\2.2\hamcrest-2.2.jar;C:\Users\maaro\.m2\repository\org\ccil\cowan\tagsoup\tagsoup\1.2.1\tagsoup-1.2.1.jar;C:\Users\maaro\.m2\repository\org\testng\testng\7.4.0\testng-7.4.0.jar;C:\Users\maaro\.m2\repository\com\beust\jcommander\1.78\jcommander-1.78.jar;C:\Users\maaro\.m2\repository\org\webjars\jquery\3.5.1\jquery-3.5.1.jar;C:\Users\maaro\.m2\repository\com\googlecode\json-simple\json-simple\1.1.1\json-simple-1.1.1.jar;C:\Users\maaro\.m2\repository\junit\junit\4.10\junit-4.10.jar;C:\Users\maaro\.m2\repository\org\hamcrest\hamcrest-core\1.1\hamcrest-core-1.1.jar;C:\Users\maaro\.m2\repository\io\rest-assured\json-schema-validator\5.3.2\json-schema-validator-5.3.2.jar;C:\Users\maaro\.m2\repository\com\github\java-json-tools\json-schema-validator\2.2.14\json-schema-validator-2.2.14.jar;C:\Users\maaro\.m2\repository\com\github\java-json-tools\jackson-coreutils-equivalence\1.0\jackson-coreutils-equivalence-1.0.jar;C:\Users\maaro\.m2\repository\com\github\java-json-tools\jackson-coreutils\2.0\jackson-coreutils-2.0.jar;C:\Users\maaro\.m2\repository\com\github\java-json-tools\msg-simple\1.2\msg-simple-1.2.jar;C:\Users\maaro\.m2\repository\com\github\java-json-tools\btf\1.3\btf-1.3.jar;C:\Users\maaro\.m2\repository\com\github\java-json-tools\json-schema-core\1.2.14\json-schema-core-1.2.14.jar;C:\Users\maaro\.m2\repository\com\github\java-json-tools\uri-template\0.10\uri-template-0.10.jar;C:\Users\maaro\.m2\repository\org\mozilla\rhino\1.7.7.2\rhino-1.7.7.2.jar;C:\Users\maaro\.m2\repository\com\sun\mail\mailapi\1.6.2\mailapi-1.6.2.jar;C:\Users\maaro\.m2\repository\joda-time\joda-time\2.10.5\joda-time-2.10.5.jar;C:\Users\maaro\.m2\repository\com\googlecode\libphonenumber\libphonenumber\8.11.1\libphonenumber-8.11.1.jar;C:\Users\maaro\.m2\repository\com\google\code\findbugs\jsr305\3.0.2\jsr305-3.0.2.jar;C:\Users\maaro\.m2\repository\net\sf\jopt-simple\jopt-simple\5.0.4\jopt-simple-5.0.4.jar;C:\Users\maaro\.m2\repository\com\google\guava\guava\32.0.1-jre\guava-32.0.1-jre.jar;C:\Users\maaro\.m2\repository\com\google\guava\failureaccess\1.0.1\failureaccess-1.0.1.jar;C:\Users\maaro\.m2\repository\com\google\guava\listenablefuture\9999.0-empty-to-avoid-conflict-with-guava\listenablefuture-9999.0-empty-to-avoid-conflict-with-guava.jar;C:\Users\maaro\.m2\repository\org\checkerframework\checker-qual\3.33.0\checker-qual-3.33.0.jar;C:\Users\maaro\.m2\repository\com\google\errorprone\error_prone_annotations\2.18.0\error_prone_annotations-2.18.0.jar;C:\Users\maaro\.m2\repository\com\google\j2objc\j2objc-annotations\2.8\j2objc-annotations-2.8.jar;C:\Users\maaro\.m2\repository\commons-io\commons-io\2.8.0\commons-io-2.8.0.jar;C:\Users\maaro\.m2\repository\com\fasterxml\jackson\core\jackson-databind\2.15.2\jackson-databind-2.15.2.jar;C:\Users\maaro\.m2\repository\com\fasterxml\jackson\core\jackson-annotations\2.15.2\jackson-annotations-2.15.2.jar;C:\Users\maaro\.m2\repository\com\fasterxml\jackson\core\jackson-core\2.15.2\jackson-core-2.15.2.jar;C:\Users\maaro\.m2\repository\com\google\code\gson\gson\2.10.1\gson-2.10.1.jar;C:\Users\maaro\.m2\repository\com\aventstack\extentreports\5.1.1\extentreports-5.1.1.jar;C:\Users\maaro\.m2\repository\io\reactivex\rxjava3\rxjava\3.1.6\rxjava-3.1.6.jar;C:\Users\maaro\.m2\repository\org\reactivestreams\reactive-streams\1.0.4\reactive-streams-1.0.4.jar;C:\Users\maaro\.m2\repository\org\freemarker\freemarker\2.3.32\freemarker-2.3.32.jar;C:\Users\maaro\.m2\repository\com\github\javafaker\javafaker\1.0.2\javafaker-1.0.2.jar;C:\Users\maaro\.m2\repository\org\yaml\snakeyaml\1.23\snakeyaml-1.23-android.jar;C:\Users\maaro\.m2\repository\com\github\mifmif\generex\1.0.2\generex-1.0.2.jar;C:\Users\maaro\.m2\repository\dk\brics\automaton\automaton\1.11-8\automaton-1.11-8.jar;C:\Users\maaro\.m2\repository\org\apache\commons\commons-lang3\3.13.0\commons-lang3-3.13.0.jar;C:\Users\maaro\.m2\repository\org\projectlombok\lombok\1.18.30\lombok-1.18.30.jar;C:\Users\maaro\.m2\repository\org\json\json\20230618\json-20230618.jar;C:\Users\maaro\.m2\repository\io\rest-assured\json-path\5.3.2\json-path-5.3.2.jar;C:\Users\maaro\.m2\repository\org\apache\groovy\groovy-json\4.0.11\groovy-json-4.0.11.jar;C:\Users\maaro\.m2\repository\io\rest-assured\rest-assured-common\5.3.2\rest-assured-common-5.3.2.jar;C:\Users\maaro\.m2\repository\com\github\scribejava\scribejava-apis\8.3.3\scribejava-apis-8.3.3.jar;C:\Users\maaro\.m2\repository\com\github\scribejava\scribejava-core\8.3.3\scribejava-core-8.3.3.jar;C:\Users\maaro\.m2\repository\com\github\scribejava\scribejava-java8\8.3.3\scribejava-java8-8.3.3.jar;C:\Users\maaro\.m2\repository\io\rest-assured\xml-path\5.3.2\xml-path-5.3.2.jar;C:\Users\maaro\.m2\repository\org\apache\maven\plugins\maven-compiler-plugin\3.8.1\maven-compiler-plugin-3.8.1.jar;C:\Users\maaro\.m2\repository\org\apache\maven\maven-plugin-api\3.0\maven-plugin-api-3.0.jar;C:\Users\maaro\.m2\repository\org\apache\maven\maven-model\3.0\maven-model-3.0.jar;C:\Users\maaro\.m2\repository\org\sonatype\sisu\sisu-inject-plexus\1.4.2\sisu-inject-plexus-1.4.2.jar;C:\Users\maaro\.m2\repository\org\sonatype\sisu\sisu-inject-bean\1.4.2\sisu-inject-bean-1.4.2.jar;C:\Users\maaro\.m2\repository\org\sonatype\sisu\sisu-guice\2.1.7\sisu-guice-2.1.7-noaop.jar;C:\Users\maaro\.m2\repository\org\apache\maven\maven-artifact\3.0\maven-artifact-3.0.jar;C:\Users\maaro\.m2\repository\org\codehaus\plexus\plexus-utils\2.0.4\plexus-utils-2.0.4.jar;C:\Users\maaro\.m2\repository\org\apache\maven\maven-core\3.0\maven-core-3.0.jar;C:\Users\maaro\.m2\repository\org\apache\maven\maven-settings\3.0\maven-settings-3.0.jar;C:\Users\maaro\.m2\repository\org\apache\maven\maven-settings-builder\3.0\maven-settings-builder-3.0.jar;C:\Users\maaro\.m2\repository\org\apache\maven\maven-repository-metadata\3.0\maven-repository-metadata-3.0.jar;C:\Users\maaro\.m2\repository\org\apache\maven\maven-model-builder\3.0\maven-model-builder-3.0.jar;C:\Users\maaro\.m2\repository\org\apache\maven\maven-aether-provider\3.0\maven-aether-provider-3.0.jar;C:\Users\maaro\.m2\repository\org\sonatype\aether\aether-impl\1.7\aether-impl-1.7.jar;C:\Users\maaro\.m2\repository\org\sonatype\aether\aether-spi\1.7\aether-spi-1.7.jar;C:\Users\maaro\.m2\repository\org\sonatype\aether\aether-api\1.7\aether-api-1.7.jar;C:\Users\maaro\.m2\repository\org\sonatype\aether\aether-util\1.7\aether-util-1.7.jar;C:\Users\maaro\.m2\repository\org\codehaus\plexus\plexus-interpolation\1.14\plexus-interpolation-1.14.jar;C:\Users\maaro\.m2\repository\org\codehaus\plexus\plexus-classworlds\2.2.3\plexus-classworlds-2.2.3.jar;C:\Users\maaro\.m2\repository\org\codehaus\plexus\plexus-component-annotations\1.5.5\plexus-component-annotations-1.5.5.jar;C:\Users\maaro\.m2\repository\org\sonatype\plexus\plexus-sec-dispatcher\1.3\plexus-sec-dispatcher-1.3.jar;C:\Users\maaro\.m2\repository\org\sonatype\plexus\plexus-cipher\1.4\plexus-cipher-1.4.jar;C:\Users\maaro\.m2\repository\org\apache\maven\shared\maven-shared-utils\3.2.1\maven-shared-utils-3.2.1.jar;C:\Users\maaro\.m2\repository\org\apache\maven\shared\maven-shared-incremental\1.1\maven-shared-incremental-1.1.jar;C:\Users\maaro\.m2\repository\org\codehaus\plexus\plexus-java\0.9.10\plexus-java-0.9.10.jar;C:\Users\maaro\.m2\repository\org\ow2\asm\asm\6.2\asm-6.2.jar;C:\Users\maaro\.m2\repository\com\thoughtworks\qdox\qdox\2.0-M8\qdox-2.0-M8.jar;C:\Users\maaro\.m2\repository\org\codehaus\plexus\plexus-compiler-api\2.8.4\plexus-compiler-api-2.8.4.jar;C:\Users\maaro\.m2\repository\org\codehaus\plexus\plexus-compiler-manager\2.8.4\plexus-compiler-manager-2.8.4.jar;C:\Users\maaro\.m2\repository\org\codehaus\plexus\plexus-compiler-javac\2.8.4\plexus-compiler-javac-2.8.4.jar;C:\Users\maaro\.m2\repository\io\qameta\allure\allure-testng\2.24.0\allure-testng-2.24.0.jar;C:\Users\maaro\.m2\repository\io\qameta\allure\allure-java-commons\2.24.0\allure-java-commons-2.24.0.jar;C:\Users\maaro\.m2\repository\org\slf4j\slf4j-api\1.7.36\slf4j-api-1.7.36.jar;C:\Users\maaro\.m2\repository\io\qameta\allure\allure-model\2.24.0\allure-model-2.24.0.jar;C:\Users\maaro\.m2\repository\io\qameta\allure\allure-test-filter\2.24.0\allure-test-filter-2.24.0.jar;"/>
    <property name="java.vm.vendor" value="Oracle Corporation"/>
    <property name="sun.arch.data.model" value="64"/>
    <property name="user.variant" value=""/>
    <property name="java.vendor.url" value="https://openjdk.java.net/"/>
    <property name="user.timezone" value="Europe/Paris"/>
    <property name="java.vm.specification.version" value="11"/>
    <property name="os.name" value="Windows 11"/>
    <property name="sun.java.launcher" value="SUN_STANDARD"/>
    <property name="user.country" value="FR"/>
    <property name="sun.boot.library.path" value="C:\Program Files\Java\jdk-11.0.15\bin"/>
    <property name="sun.java.command" value="C:\Users\maaro\AppData\Local\Temp\surefire4766491595165443043\surefirebooter-20231108102444961_3.jar C:\Users\maaro\AppData\Local\Temp\surefire4766491595165443043 2023-11-08T10-24-44_532-jvmRun1 surefire-20231108102444961_1tmp surefire_0-20231108102444961_2tmp"/>
    <property name="jdk.debug" value="release"/>
    <property name="surefire.test.class.path" value="C:\Users\maaro\eclipse-workspace\todo-application-api-project\target\test-classes;C:\Users\maaro\eclipse-workspace\todo-application-api-project\target\classes;C:\Users\maaro\.m2\repository\io\rest-assured\rest-assured\5.3.2\rest-assured-5.3.2.jar;C:\Users\maaro\.m2\repository\org\apache\groovy\groovy\4.0.11\groovy-4.0.11.jar;C:\Users\maaro\.m2\repository\org\apache\groovy\groovy-xml\4.0.11\groovy-xml-4.0.11.jar;C:\Users\maaro\.m2\repository\org\apache\httpcomponents\httpclient\4.5.13\httpclient-4.5.13.jar;C:\Users\maaro\.m2\repository\org\apache\httpcomponents\httpcore\4.4.13\httpcore-4.4.13.jar;C:\Users\maaro\.m2\repository\commons-logging\commons-logging\1.2\commons-logging-1.2.jar;C:\Users\maaro\.m2\repository\commons-codec\commons-codec\1.11\commons-codec-1.11.jar;C:\Users\maaro\.m2\repository\org\apache\httpcomponents\httpmime\4.5.13\httpmime-4.5.13.jar;C:\Users\maaro\.m2\repository\org\hamcrest\hamcrest\2.2\hamcrest-2.2.jar;C:\Users\maaro\.m2\repository\org\ccil\cowan\tagsoup\tagsoup\1.2.1\tagsoup-1.2.1.jar;C:\Users\maaro\.m2\repository\org\testng\testng\7.4.0\testng-7.4.0.jar;C:\Users\maaro\.m2\repository\com\beust\jcommander\1.78\jcommander-1.78.jar;C:\Users\maaro\.m2\repository\org\webjars\jquery\3.5.1\jquery-3.5.1.jar;C:\Users\maaro\.m2\repository\com\googlecode\json-simple\json-simple\1.1.1\json-simple-1.1.1.jar;C:\Users\maaro\.m2\repository\junit\junit\4.10\junit-4.10.jar;C:\Users\maaro\.m2\repository\org\hamcrest\hamcrest-core\1.1\hamcrest-core-1.1.jar;C:\Users\maaro\.m2\repository\io\rest-assured\json-schema-validator\5.3.2\json-schema-validator-5.3.2.jar;C:\Users\maaro\.m2\repository\com\github\java-json-tools\json-schema-validator\2.2.14\json-schema-validator-2.2.14.jar;C:\Users\maaro\.m2\repository\com\github\java-json-tools\jackson-coreutils-equivalence\1.0\jackson-coreutils-equivalence-1.0.jar;C:\Users\maaro\.m2\repository\com\github\java-json-tools\jackson-coreutils\2.0\jackson-coreutils-2.0.jar;C:\Users\maaro\.m2\repository\com\github\java-json-tools\msg-simple\1.2\msg-simple-1.2.jar;C:\Users\maaro\.m2\repository\com\github\java-json-tools\btf\1.3\btf-1.3.jar;C:\Users\maaro\.m2\repository\com\github\java-json-tools\json-schema-core\1.2.14\json-schema-core-1.2.14.jar;C:\Users\maaro\.m2\repository\com\github\java-json-tools\uri-template\0.10\uri-template-0.10.jar;C:\Users\maaro\.m2\repository\org\mozilla\rhino\1.7.7.2\rhino-1.7.7.2.jar;C:\Users\maaro\.m2\repository\com\sun\mail\mailapi\1.6.2\mailapi-1.6.2.jar;C:\Users\maaro\.m2\repository\joda-time\joda-time\2.10.5\joda-time-2.10.5.jar;C:\Users\maaro\.m2\repository\com\googlecode\libphonenumber\libphonenumber\8.11.1\libphonenumber-8.11.1.jar;C:\Users\maaro\.m2\repository\com\google\code\findbugs\jsr305\3.0.2\jsr305-3.0.2.jar;C:\Users\maaro\.m2\repository\net\sf\jopt-simple\jopt-simple\5.0.4\jopt-simple-5.0.4.jar;C:\Users\maaro\.m2\repository\com\google\guava\guava\32.0.1-jre\guava-32.0.1-jre.jar;C:\Users\maaro\.m2\repository\com\google\guava\failureaccess\1.0.1\failureaccess-1.0.1.jar;C:\Users\maaro\.m2\repository\com\google\guava\listenablefuture\9999.0-empty-to-avoid-conflict-with-guava\listenablefuture-9999.0-empty-to-avoid-conflict-with-guava.jar;C:\Users\maaro\.m2\repository\org\checkerframework\checker-qual\3.33.0\checker-qual-3.33.0.jar;C:\Users\maaro\.m2\repository\com\google\errorprone\error_prone_annotations\2.18.0\error_prone_annotations-2.18.0.jar;C:\Users\maaro\.m2\repository\com\google\j2objc\j2objc-annotations\2.8\j2objc-annotations-2.8.jar;C:\Users\maaro\.m2\repository\commons-io\commons-io\2.8.0\commons-io-2.8.0.jar;C:\Users\maaro\.m2\repository\com\fasterxml\jackson\core\jackson-databind\2.15.2\jackson-databind-2.15.2.jar;C:\Users\maaro\.m2\repository\com\fasterxml\jackson\core\jackson-annotations\2.15.2\jackson-annotations-2.15.2.jar;C:\Users\maaro\.m2\repository\com\fasterxml\jackson\core\jackson-core\2.15.2\jackson-core-2.15.2.jar;C:\Users\maaro\.m2\repository\com\google\code\gson\gson\2.10.1\gson-2.10.1.jar;C:\Users\maaro\.m2\repository\com\aventstack\extentreports\5.1.1\extentreports-5.1.1.jar;C:\Users\maaro\.m2\repository\io\reactivex\rxjava3\rxjava\3.1.6\rxjava-3.1.6.jar;C:\Users\maaro\.m2\repository\org\reactivestreams\reactive-streams\1.0.4\reactive-streams-1.0.4.jar;C:\Users\maaro\.m2\repository\org\freemarker\freemarker\2.3.32\freemarker-2.3.32.jar;C:\Users\maaro\.m2\repository\com\github\javafaker\javafaker\1.0.2\javafaker-1.0.2.jar;C:\Users\maaro\.m2\repository\org\yaml\snakeyaml\1.23\snakeyaml-1.23-android.jar;C:\Users\maaro\.m2\repository\com\github\mifmif\generex\1.0.2\generex-1.0.2.jar;C:\Users\maaro\.m2\repository\dk\brics\automaton\automaton\1.11-8\automaton-1.11-8.jar;C:\Users\maaro\.m2\repository\org\apache\commons\commons-lang3\3.13.0\commons-lang3-3.13.0.jar;C:\Users\maaro\.m2\repository\org\projectlombok\lombok\1.18.30\lombok-1.18.30.jar;C:\Users\maaro\.m2\repository\org\json\json\20230618\json-20230618.jar;C:\Users\maaro\.m2\repository\io\rest-assured\json-path\5.3.2\json-path-5.3.2.jar;C:\Users\maaro\.m2\repository\org\apache\groovy\groovy-json\4.0.11\groovy-json-4.0.11.jar;C:\Users\maaro\.m2\repository\io\rest-assured\rest-assured-common\5.3.2\rest-assured-common-5.3.2.jar;C:\Users\maaro\.m2\repository\com\github\scribejava\scribejava-apis\8.3.3\scribejava-apis-8.3.3.jar;C:\Users\maaro\.m2\repository\com\github\scribejava\scribejava-core\8.3.3\scribejava-core-8.3.3.jar;C:\Users\maaro\.m2\repository\com\github\scribejava\scribejava-java8\8.3.3\scribejava-java8-8.3.3.jar;C:\Users\maaro\.m2\repository\io\rest-assured\xml-path\5.3.2\xml-path-5.3.2.jar;C:\Users\maaro\.m2\repository\org\apache\maven\plugins\maven-compiler-plugin\3.8.1\maven-compiler-plugin-3.8.1.jar;C:\Users\maaro\.m2\repository\org\apache\maven\maven-plugin-api\3.0\maven-plugin-api-3.0.jar;C:\Users\maaro\.m2\repository\org\apache\maven\maven-model\3.0\maven-model-3.0.jar;C:\Users\maaro\.m2\repository\org\sonatype\sisu\sisu-inject-plexus\1.4.2\sisu-inject-plexus-1.4.2.jar;C:\Users\maaro\.m2\repository\org\sonatype\sisu\sisu-inject-bean\1.4.2\sisu-inject-bean-1.4.2.jar;C:\Users\maaro\.m2\repository\org\sonatype\sisu\sisu-guice\2.1.7\sisu-guice-2.1.7-noaop.jar;C:\Users\maaro\.m2\repository\org\apache\maven\maven-artifact\3.0\maven-artifact-3.0.jar;C:\Users\maaro\.m2\repository\org\codehaus\plexus\plexus-utils\2.0.4\plexus-utils-2.0.4.jar;C:\Users\maaro\.m2\repository\org\apache\maven\maven-core\3.0\maven-core-3.0.jar;C:\Users\maaro\.m2\repository\org\apache\maven\maven-settings\3.0\maven-settings-3.0.jar;C:\Users\maaro\.m2\repository\org\apache\maven\maven-settings-builder\3.0\maven-settings-builder-3.0.jar;C:\Users\maaro\.m2\repository\org\apache\maven\maven-repository-metadata\3.0\maven-repository-metadata-3.0.jar;C:\Users\maaro\.m2\repository\org\apache\maven\maven-model-builder\3.0\maven-model-builder-3.0.jar;C:\Users\maaro\.m2\repository\org\apache\maven\maven-aether-provider\3.0\maven-aether-provider-3.0.jar;C:\Users\maaro\.m2\repository\org\sonatype\aether\aether-impl\1.7\aether-impl-1.7.jar;C:\Users\maaro\.m2\repository\org\sonatype\aether\aether-spi\1.7\aether-spi-1.7.jar;C:\Users\maaro\.m2\repository\org\sonatype\aether\aether-api\1.7\aether-api-1.7.jar;C:\Users\maaro\.m2\repository\org\sonatype\aether\aether-util\1.7\aether-util-1.7.jar;C:\Users\maaro\.m2\repository\org\codehaus\plexus\plexus-interpolation\1.14\plexus-interpolation-1.14.jar;C:\Users\maaro\.m2\repository\org\codehaus\plexus\plexus-classworlds\2.2.3\plexus-classworlds-2.2.3.jar;C:\Users\maaro\.m2\repository\org\codehaus\plexus\plexus-component-annotations\1.5.5\plexus-component-annotations-1.5.5.jar;C:\Users\maaro\.m2\repository\org\sonatype\plexus\plexus-sec-dispatcher\1.3\plexus-sec-dispatcher-1.3.jar;C:\Users\maaro\.m2\repository\org\sonatype\plexus\plexus-cipher\1.4\plexus-cipher-1.4.jar;C:\Users\maaro\.m2\repository\org\apache\maven\shared\maven-shared-utils\3.2.1\maven-shared-utils-3.2.1.jar;C:\Users\maaro\.m2\repository\org\apache\maven\shared\maven-shared-incremental\1.1\maven-shared-incremental-1.1.jar;C:\Users\maaro\.m2\repository\org\codehaus\plexus\plexus-java\0.9.10\plexus-java-0.9.10.jar;C:\Users\maaro\.m2\repository\org\ow2\asm\asm\6.2\asm-6.2.jar;C:\Users\maaro\.m2\repository\com\thoughtworks\qdox\qdox\2.0-M8\qdox-2.0-M8.jar;C:\Users\maaro\.m2\repository\org\codehaus\plexus\plexus-compiler-api\2.8.4\plexus-compiler-api-2.8.4.jar;C:\Users\maaro\.m2\repository\org\codehaus\plexus\plexus-compiler-manager\2.8.4\plexus-compiler-manager-2.8.4.jar;C:\Users\maaro\.m2\repository\org\codehaus\plexus\plexus-compiler-javac\2.8.4\plexus-compiler-javac-2.8.4.jar;C:\Users\maaro\.m2\repository\io\qameta\allure\allure-testng\2.24.0\allure-testng-2.24.0.jar;C:\Users\maaro\.m2\repository\io\qameta\allure\allure-java-commons\2.24.0\allure-java-commons-2.24.0.jar;C:\Users\maaro\.m2\repository\org\slf4j\slf4j-api\1.7.36\slf4j-api-1.7.36.jar;C:\Users\maaro\.m2\repository\io\qameta\allure\allure-model\2.24.0\allure-model-2.24.0.jar;C:\Users\maaro\.m2\repository\io\qameta\allure\allure-test-filter\2.24.0\allure-test-filter-2.24.0.jar;"/>
    <property name="sun.cpu.endian" value="little"/>
    <property name="user.home" value="C:\Users\maaro"/>
    <property name="user.language" value="fr"/>
    <property name="java.specification.vendor" value="Oracle Corporation"/>
    <property name="java.version.date" value="2022-04-19"/>
    <property name="java.home" value="C:\Program Files\Java\jdk-11.0.15"/>
    <property name="file.separator" value="\"/>
    <property name="basedir" value="C:\Users\maaro\eclipse-workspace\todo-application-api-project"/>
    <property name="java.vm.compressedOopsMode" value="32-bit"/>
    <property name="line.separator" value="&#10;"/>
    <property name="java.specification.name" value="Java Platform API Specification"/>
    <property name="java.vm.specification.vendor" value="Oracle Corporation"/>
    <property name="java.awt.graphicsenv" value="sun.awt.Win32GraphicsEnvironment"/>
    <property name="surefire.real.class.path" value="C:\Users\maaro\AppData\Local\Temp\surefire4766491595165443043\surefirebooter-20231108102444961_3.jar"/>
    <property name="user.script" value=""/>
    <property name="sun.management.compiler" value="HotSpot 64-Bit Tiered Compilers"/>
    <property name="java.runtime.version" value="11.0.15+8-LTS-149"/>
    <property name="user.name" value="maaro"/>
    <property name="path.separator" value=";"/>
    <property name="os.version" value="10.0"/>
    <property name="java.runtime.name" value="Java(TM) SE Runtime Environment"/>
    <property name="file.encoding" value="Cp1252"/>
    <property name="java.vm.name" value="Java HotSpot(TM) 64-Bit Server VM"/>
    <property name="java.vendor.version" value="18.9"/>
    <property name="localRepository" value="C:\Users\maaro\.m2\repository"/>
    <property name="java.vendor.url.bug" value="https://bugreport.java.com/bugreport/"/>
    <property name="java.io.tmpdir" value="C:\Users\maaro\AppData\Local\Temp\"/>
    <property name="java.version" value="11.0.15"/>
    <property name="user.dir" value="C:\Users\maaro\eclipse-workspace\todo-application-api-project"/>
    <property name="os.arch" value="amd64"/>
    <property name="java.vm.specification.name" value="Java Virtual Machine Specification"/>
    <property name="java.awt.printerjob" value="sun.awt.windows.WPrinterJob"/>
    <property name="sun.os.patch.level" value=""/>
    <property name="java.library.path" value="C:\Program Files\Java\jdk-11.0.15\bin;C:\WINDOWS\Sun\Java\bin;C:\WINDOWS\system32;C:\WINDOWS;C:\Users\maaro\bin;C:\Program Files\Git\mingw64\bin;C:\Program Files\Git\usr\local\bin;C:\Program Files\Git\usr\bin;C:\Program Files\Git\usr\bin;C:\Program Files\Git\mingw64\bin;C:\Program Files\Git\usr\bin;C:\Users\maaro\bin;C:\Users\maaro\.p2\pool\plugins\org.eclipse.justj.openjdk.hotspot.jre.full.win32.x86_64_19.0.2.v20230129-1123\jre\bin\server;C:\Users\maaro\.p2\pool\plugins\org.eclipse.justj.openjdk.hotspot.jre.full.win32.x86_64_19.0.2.v20230129-1123\jre\bin;C:\Python312\Scripts;C:\Python312;C:\Program Files\Common Files\Oracle\Java\javapath;C:\Program Files (x86)\Common Files\Oracle\Java\javapath;C:\WINDOWS\system32;C:\WINDOWS;C:\WINDOWS\System32\Wbem;C:\WINDOWS\System32\WindowsPowerShell\v1.0;C:\WINDOWS\System32\OpenSSH;C:\Program Files\Java\jdk-11.0.15\bin;C:\Program Files\apache-maven-3.8.8\bin\bin;C:\Program Files\apache-maven-3.8.8\bin;C:\Users\maaro\AppData\Local\Programs\Python\Python311\Scripts;C:\Program Files\MySQL\MySQL Server 8.0\bin;C:\ProgramData\chocolatey\bin;C:\Program Files\Git\cmd;C:\Users\maaro\AppData\Local\Programs\Python\Python311\Scripts;C:\Program Files\nodejs;C:\Users\maaro\scoop\shims;C:\Program Files\MySQL\MySQL Shell 8.0\bin;C:\Users\maaro\AppData\Local\Microsoft\WindowsApps;C:\Program Files\MySQL\MySQL Server 8.0\bin;C:\Users\maaro\AppData\Local\GitHubDesktop\bin;C:\Users\maaro\AppData\Roaming\npm;C:\Users\maaro\AppData\Local\Programs\Microsoft VS Code\bin;C:\Users\maaro\OneDrive\Bureau;C:\Program Files\Git\usr\bin\vendor_perl;C:\Program Files\Git\usr\bin\core_perl;."/>
    <property name="java.vendor" value="Oracle Corporation"/>
    <property name="java.vm.info" value="mixed mode"/>
    <property name="java.vm.version" value="11.0.15+8-LTS-149"/>
    <property name="sun.io.unicode.encoding" value="UnicodeLittle"/>
    <property name="java.class.version" value="55.0"/>
  </properties>
  <testcase name="shouldBeAbleToRegistrer" classname="TODO.TestCases.UserTest" time="6.163">
    <system-out><![CDATA[Request method:	POST
Request URI:	https://todo.qacart.com/api/v1/users/register
Proxy:			<none>
Request params:	<none>
Query params:	<none>
Form params:	<none>
Path params:	<none>
Headers:		Accept=*/*
				Content-Type=application/json
Cookies:		<none>
Multiparts:		<none>
Body:
{
    "email": "heath.smith@yahoo.com",
    "password": "test123r",
    "firstName": "Evelynn",
    "lastName": "Pfeffer"
}
Request method:	POST
Request URI:	https://todo.qacart.com/api/v1/users/register
Proxy:			<none>
Request params:	<none>
Query params:	<none>
Form params:	<none>
Path params:	<none>
Headers:		Accept=*/*
				Content-Type=application/json
Cookies:		<none>
Multiparts:		<none>
Body:
{
    "email": "ria.conroy@hotmail.com",
    "password": "test123r",
    "firstName": "Damion",
    "lastName": "Brekke"
}
Request method:	POST
Request URI:	https://todo.qacart.com/api/v1/users/register
Proxy:			<none>
Request params:	<none>
Query params:	<none>
Form params:	<none>
Path params:	<none>
Headers:		Accept=*/*
				Content-Type=application/json
Cookies:		<none>
Multiparts:		<none>
Body:
{
    "email": "katelyn.rowe@hotmail.com",
    "password": "test123r",
    "firstName": "Johnny",
    "lastName": "Reynolds"
}
Request method:	POST
Request URI:	https://todo.qacart.com/api/v1/users/register
Proxy:			<none>
Request params:	<none>
Query params:	<none>
Form params:	<none>
Path params:	<none>
Headers:		Accept=*/*
				Content-Type=application/json
Cookies:		<none>
Multiparts:		<none>
Body:
{
    "email": "arletta.denesik@yahoo.com",
    "password": "test123r",
    "firstName": "Luke",
    "lastName": "Mitchell"
}
Request method:	POST
Request URI:	https://todo.qacart.com/api/v1/users/register
Proxy:			<none>
Request params:	<none>
Query params:	<none>
Form params:	<none>
Path params:	<none>
Headers:		Accept=*/*
				Content-Type=application/json
Cookies:		<none>
Multiparts:		<none>
Body:
{
    "email": "blaine.quigley@yahoo.com",
    "password": "test123r",
    "firstName": "Tyson",
    "lastName": "Schmidt"
}
Request method:	POST
Request URI:	https://todo.qacart.com/api/v1/users/register
Proxy:			<none>
Request params:	<none>
Query params:	<none>
Form params:	<none>
Path params:	<none>
Headers:		Accept=*/*
				Content-Type=application/json
Cookies:		<none>
Multiparts:		<none>
Body:
{
    "email": "shauna.doyle@hotmail.com",
    "password": "test123r",
    "firstName": "Tamisha",
    "lastName": "Tillman"
}
Request method:	POST
Request URI:	https://todo.qacart.com/api/v1/users/register
Proxy:			<none>
Request params:	<none>
Query params:	<none>
Form params:	<none>
Path params:	<none>
Headers:		Accept=*/*
				Content-Type=application/json
Cookies:		<none>
Multiparts:		<none>
Body:
{
    "email": "emmanuel.blanda@gmail.com",
    "password": "test123r",
    "firstName": "Willian",
    "lastName": "Ferry"
}
Request method:	POST
Request URI:	https://todo.qacart.com/api/v1/users/register
Proxy:			<none>
Request params:	<none>
Query params:	<none>
Form params:	<none>
Path params:	<none>
Headers:		Accept=*/*
				Content-Type=application/json
Cookies:		<none>
Multiparts:		<none>
Body:
{
    "email": "stephan.sporer@gmail.com",
    "password": "test123r",
    "firstName": "Mitchel",
    "lastName": "Harvey"
}
HTTP/1.1 201 Created
Server: Cowboy
Connection: keep-alive
X-Powered-By: Express
Access-Control-Allow-Origin: *
Set-Cookie: access_token=eyJhbGciOiJIUzI1NiIsInR5cCI6IkpXVCJ9.eyJpZCI6IjY1NGI1M2U0NTIyYWIyMDAxNDIyODY1ZSIsImZpcnN0TmFtZSI6IldpbGxpYW4iLCJsYXN0TmFtZSI6IkZlcnJ5IiwiaWF0IjoxNjk5NDM1NDkyfQ.6snqA1zpagULcZQlI2EEHnOmTjLk4vghzPwD_-p5Mzo; Path=/
Set-Cookie: userID=j%3A%22654b53e4522ab2001422865e%22; Path=/
Set-Cookie: firstName=Willian; Path=/
Content-Type: application/json; charset=utf-8
Content-Length: 280
Etag: W/"118-bpzk/EJRj19VmIyxExaoKX6G62A"
Date: Wed, 08 Nov 2023 09:24:52 GMT
Via: 1.1 vegur

{
    "access_token": "eyJhbGciOiJIUzI1NiIsInR5cCI6IkpXVCJ9.eyJpZCI6IjY1NGI1M2U0NTIyYWIyMDAxNDIyODY1ZSIsImZpcnN0TmFtZSI6IldpbGxpYW4iLCJsYXN0TmFtZSI6IkZlcnJ5IiwiaWF0IjoxNjk5NDM1NDkyfQ.6snqA1zpagULcZQlI2EEHnOmTjLk4vghzPwD_-p5Mzo",
    "userID": "654b53e4522ab2001422865e",
    "firstName": "Willian"
}
HTTP/1.1 201 Created
Server: Cowboy
Report-To: {"group":"heroku-nel","max_age":3600,"endpoints":[{"url":"https://nel.heroku.com/reports?ts=1699435491&sid=812dcc77-0bd0-43b1-a5f1-b25750382959&s=6wmrpz0cBKqO%2FxRuY8%2B28qlXko0oXawMqxEX4r6ze88%3D"}]}
Reporting-Endpoints: heroku-nel=https://nel.heroku.com/reports?ts=1699435491&sid=812dcc77-0bd0-43b1-a5f1-b25750382959&s=6wmrpz0cBKqO%2FxRuY8%2B28qlXko0oXawMqxEX4r6ze88%3D
Nel: {"report_to":"heroku-nel","max_age":3600,"success_fraction":0.005,"failure_fraction":0.05,"response_headers":["Via"]}
Connection: keep-alive
X-Powered-By: Express
Access-Control-Allow-Origin: *
Set-Cookie: access_token=eyJhbGciOiJIUzI1NiIsInR5cCI6IkpXVCJ9.eyJpZCI6IjY1NGI1M2U0NTIyYWIyMDAxNDIyODY2NCIsImZpcnN0TmFtZSI6IkV2ZWx5bm4iLCJsYXN0TmFtZSI6IlBmZWZmZXIiLCJpYXQiOjE2OTk0MzU0OTJ9.wrO5oZGB2vc0Iykh44i9pzEYfCrap2uvzske0yZ6p78; Path=/
Set-Cookie: userID=j%3A%22654b53e4522ab20014228664%22; Path=/
Set-Cookie: firstName=Evelynn; Path=/
Content-Type: application/json; charset=utf-8
Content-Length: 282
Etag: W/"11a-/HyqG54ea3hngpz0fV0FBodoJ64"
Date: Wed, 08 Nov 2023 09:24:52 GMT
Via: 1.1 vegur

{
    "access_token": "eyJhbGciOiJIUzI1NiIsInR5cCI6IkpXVCJ9.eyJpZCI6IjY1NGI1M2U0NTIyYWIyMDAxNDIyODY2NCIsImZpcnN0TmFtZSI6IkV2ZWx5bm4iLCJsYXN0TmFtZSI6IlBmZWZmZXIiLCJpYXQiOjE2OTk0MzU0OTJ9.wrO5oZGB2vc0Iykh44i9pzEYfCrap2uvzske0yZ6p78",
    "userID": "654b53e4522ab20014228664",
    "firstName": "Evelynn"
}
HTTP/1.1 201 Created
Server: Cowboy
Report-To: {"group":"heroku-nel","max_age":3600,"endpoints":[{"url":"https://nel.heroku.com/reports?ts=1699435491&sid=812dcc77-0bd0-43b1-a5f1-b25750382959&s=6wmrpz0cBKqO%2FxRuY8%2B28qlXko0oXawMqxEX4r6ze88%3D"}]}
Reporting-Endpoints: heroku-nel=https://nel.heroku.com/reports?ts=1699435491&sid=812dcc77-0bd0-43b1-a5f1-b25750382959&s=6wmrpz0cBKqO%2FxRuY8%2B28qlXko0oXawMqxEX4r6ze88%3D
Nel: {"report_to":"heroku-nel","max_age":3600,"success_fraction":0.005,"failure_fraction":0.05,"response_headers":["Via"]}
Connection: keep-alive
X-Powered-By: Express
Access-Control-Allow-Origin: *
Set-Cookie: access_token=eyJhbGciOiJIUzI1NiIsInR5cCI6IkpXVCJ9.eyJpZCI6IjY1NGI1M2U0NTIyYWIyMDAxNDIyODY2MCIsImZpcnN0TmFtZSI6IkpvaG5ueSIsImxhc3ROYW1lIjoiUmV5bm9sZHMiLCJpYXQiOjE2OTk0MzU0OTJ9.y9eDDWirRNH46yb4-rhBR3EVsmlmZYZUlSmBz2NkkFQ; Path=/
Set-Cookie: userID=j%3A%22654b53e4522ab20014228660%22; Path=/
Set-Cookie: firstName=Johnny; Path=/
Content-Type: application/json; charset=utf-8
Content-Length: 281
Etag: W/"119-+WwvlIyh7+UxakKF+CR8q/Prh8I"
Date: Wed, 08 Nov 2023 09:24:52 GMT
Via: 1.1 vegur

{
    "access_token": "eyJhbGciOiJIUzI1NiIsInR5cCI6IkpXVCJ9.eyJpZCI6IjY1NGI1M2U0NTIyYWIyMDAxNDIyODY2MCIsImZpcnN0TmFtZSI6IkpvaG5ueSIsImxhc3ROYW1lIjoiUmV5bm9sZHMiLCJpYXQiOjE2OTk0MzU0OTJ9.y9eDDWirRNH46yb4-rhBR3EVsmlmZYZUlSmBz2NkkFQ",
    "userID": "654b53e4522ab20014228660",
    "firstName": "Johnny"
}
HTTP/1.1 201 Created
Server: Cowboy
Report-To: {"group":"heroku-nel","max_age":3600,"endpoints":[{"url":"https://nel.heroku.com/reports?ts=1699435491&sid=812dcc77-0bd0-43b1-a5f1-b25750382959&s=6wmrpz0cBKqO%2FxRuY8%2B28qlXko0oXawMqxEX4r6ze88%3D"}]}
Reporting-Endpoints: heroku-nel=https://nel.heroku.com/reports?ts=1699435491&sid=812dcc77-0bd0-43b1-a5f1-b25750382959&s=6wmrpz0cBKqO%2FxRuY8%2B28qlXko0oXawMqxEX4r6ze88%3D
Nel: {"report_to":"heroku-nel","max_age":3600,"success_fraction":0.005,"failure_fraction":0.05,"response_headers":["Via"]}
Connection: keep-alive
X-Powered-By: Express
Access-Control-Allow-Origin: *
Set-Cookie: access_token=eyJhbGciOiJIUzI1NiIsInR5cCI6IkpXVCJ9.eyJpZCI6IjY1NGI1M2U0NTIyYWIyMDAxNDIyODY1OCIsImZpcnN0TmFtZSI6IlR5c29uIiwibGFzdE5hbWUiOiJTY2htaWR0IiwiaWF0IjoxNjk5NDM1NDkyfQ.OR8uVO67cPaGW8i2j3pE4H4NOUPaebmUn21Ssy2MI3c; Path=/
Set-Cookie: userID=j%3A%22654b53e4522ab20014228658%22; Path=/
Set-Cookie: firstName=Tyson; Path=/
Content-Type: application/json; charset=utf-8
Content-Length: 278
Etag: W/"116-eFzutlSXLJuRqolY6Q8WWR7DlAY"
Date: Wed, 08 Nov 2023 09:24:52 GMT
Via: 1.1 vegur

{
    "access_token": "eyJhbGciOiJIUzI1NiIsInR5cCI6IkpXVCJ9.eyJpZCI6IjY1NGI1M2U0NTIyYWIyMDAxNDIyODY1OCIsImZpcnN0TmFtZSI6IlR5c29uIiwibGFzdE5hbWUiOiJTY2htaWR0IiwiaWF0IjoxNjk5NDM1NDkyfQ.OR8uVO67cPaGW8i2j3pE4H4NOUPaebmUn21Ssy2MI3c",
    "userID": "654b53e4522ab20014228658",
    "firstName": "Tyson"
}
HTTP/1.1 201 Created
Server: Cowboy
Connection: keep-alive
X-Powered-By: Express
Access-Control-Allow-Origin: *
Set-Cookie: access_token=eyJhbGciOiJIUzI1NiIsInR5cCI6IkpXVCJ9.eyJpZCI6IjY1NGI1M2U0NTIyYWIyMDAxNDIyODY2MiIsImZpcnN0TmFtZSI6IlRhbWlzaGEiLCJsYXN0TmFtZSI6IlRpbGxtYW4iLCJpYXQiOjE2OTk0MzU0OTJ9.N-s3VU3JyXvaHvYEqNDSVeGhfBmX812IozipumzPTfg; Path=/
Set-Cookie: userID=j%3A%22654b53e4522ab20014228662%22; Path=/
Set-Cookie: firstName=Tamisha; Path=/
Content-Type: application/json; charset=utf-8
Content-Length: 282
Etag: W/"11a-ue5DkoX90yrnIb4p3Z3LLRhbHGM"
Date: Wed, 08 Nov 2023 09:24:52 GMT
Via: 1.1 vegur

{
    "access_token": "eyJhbGciOiJIUzI1NiIsInR5cCI6IkpXVCJ9.eyJpZCI6IjY1NGI1M2U0NTIyYWIyMDAxNDIyODY2MiIsImZpcnN0TmFtZSI6IlRhbWlzaGEiLCJsYXN0TmFtZSI6IlRpbGxtYW4iLCJpYXQiOjE2OTk0MzU0OTJ9.N-s3VU3JyXvaHvYEqNDSVeGhfBmX812IozipumzPTfg",
    "userID": "654b53e4522ab20014228662",
    "firstName": "Tamisha"
}
HTTP/1.1 201 Created
Server: Cowboy
Report-To: {"group":"heroku-nel","max_age":3600,"endpoints":[{"url":"https://nel.heroku.com/reports?ts=1699435491&sid=812dcc77-0bd0-43b1-a5f1-b25750382959&s=6wmrpz0cBKqO%2FxRuY8%2B28qlXko0oXawMqxEX4r6ze88%3D"}]}
Reporting-Endpoints: heroku-nel=https://nel.heroku.com/reports?ts=1699435491&sid=812dcc77-0bd0-43b1-a5f1-b25750382959&s=6wmrpz0cBKqO%2FxRuY8%2B28qlXko0oXawMqxEX4r6ze88%3D
Nel: {"report_to":"heroku-nel","max_age":3600,"success_fraction":0.005,"failure_fraction":0.05,"response_headers":["Via"]}
Connection: keep-alive
X-Powered-By: Express
Access-Control-Allow-Origin: *
Set-Cookie: access_token=eyJhbGciOiJIUzI1NiIsInR5cCI6IkpXVCJ9.eyJpZCI6IjY1NGI1M2U0NTIyYWIyMDAxNDIyODY1YSIsImZpcnN0TmFtZSI6IkRhbWlvbiIsImxhc3ROYW1lIjoiQnJla2tlIiwiaWF0IjoxNjk5NDM1NDkyfQ.tOCIYEYPnTRGaz6yGlqaS3vpFUYVgr2RscYnQmtP02o; Path=/
Set-Cookie: userID=j%3A%22654b53e4522ab2001422865a%22; Path=/
Set-Cookie: firstName=Damion; Path=/
Content-Type: application/json; charset=utf-8
Content-Length: 279
Etag: W/"117-d3QCUaxshQwcxiTPi2ytLK62zyM"
Date: Wed, 08 Nov 2023 09:24:52 GMT
Via: 1.1 vegur

{
    "access_token": "eyJhbGciOiJIUzI1NiIsInR5cCI6IkpXVCJ9.eyJpZCI6IjY1NGI1M2U0NTIyYWIyMDAxNDIyODY1YSIsImZpcnN0TmFtZSI6IkRhbWlvbiIsImxhc3ROYW1lIjoiQnJla2tlIiwiaWF0IjoxNjk5NDM1NDkyfQ.tOCIYEYPnTRGaz6yGlqaS3vpFUYVgr2RscYnQmtP02o",
    "userID": "654b53e4522ab2001422865a",
    "firstName": "Damion"
}
HTTP/1.1 201 Created
Server: Cowboy
Report-To: {"group":"heroku-nel","max_age":3600,"endpoints":[{"url":"https://nel.heroku.com/reports?ts=1699435491&sid=812dcc77-0bd0-43b1-a5f1-b25750382959&s=6wmrpz0cBKqO%2FxRuY8%2B28qlXko0oXawMqxEX4r6ze88%3D"}]}
Reporting-Endpoints: heroku-nel=https://nel.heroku.com/reports?ts=1699435491&sid=812dcc77-0bd0-43b1-a5f1-b25750382959&s=6wmrpz0cBKqO%2FxRuY8%2B28qlXko0oXawMqxEX4r6ze88%3D
Nel: {"report_to":"heroku-nel","max_age":3600,"success_fraction":0.005,"failure_fraction":0.05,"response_headers":["Via"]}
Connection: keep-alive
X-Powered-By: Express
Access-Control-Allow-Origin: *
Set-Cookie: access_token=eyJhbGciOiJIUzI1NiIsInR5cCI6IkpXVCJ9.eyJpZCI6IjY1NGI1M2UzNTIyYWIyMDAxNDIyODY1NiIsImZpcnN0TmFtZSI6Ikx1a2UiLCJsYXN0TmFtZSI6Ik1pdGNoZWxsIiwiaWF0IjoxNjk5NDM1NDkyfQ.xaTkHuk4m0YaBPftsG7h8MfnhGrgErtKOwQHdLtrOb0; Path=/
Set-Cookie: userID=j%3A%22654b53e3522ab20014228656%22; Path=/
Set-Cookie: firstName=Luke; Path=/
Content-Type: application/json; charset=utf-8
Content-Length: 277
Etag: W/"115-jGw5AjA8rHy34If/vA32fQU94mo"
Date: Wed, 08 Nov 2023 09:24:52 GMT
Via: 1.1 vegur

{
    "access_token": "eyJhbGciOiJIUzI1NiIsInR5cCI6IkpXVCJ9.eyJpZCI6IjY1NGI1M2UzNTIyYWIyMDAxNDIyODY1NiIsImZpcnN0TmFtZSI6Ikx1a2UiLCJsYXN0TmFtZSI6Ik1pdGNoZWxsIiwiaWF0IjoxNjk5NDM1NDkyfQ.xaTkHuk4m0YaBPftsG7h8MfnhGrgErtKOwQHdLtrOb0",
    "userID": "654b53e3522ab20014228656",
    "firstName": "Luke"
}
HTTP/1.1 201 Created
Server: Cowboy
Connection: keep-alive
X-Powered-By: Express
Access-Control-Allow-Origin: *
Set-Cookie: access_token=eyJhbGciOiJIUzI1NiIsInR5cCI6IkpXVCJ9.eyJpZCI6IjY1NGI1M2U0NTIyYWIyMDAxNDIyODY1YyIsImZpcnN0TmFtZSI6Ik1pdGNoZWwiLCJsYXN0TmFtZSI6IkhhcnZleSIsImlhdCI6MTY5OTQzNTQ5Mn0.rhySwMai7ilYlfiddJEb0MF8RRAJJT23YIAys0SHdM4; Path=/
Set-Cookie: userID=j%3A%22654b53e4522ab2001422865c%22; Path=/
Set-Cookie: firstName=Mitchel; Path=/
Content-Type: application/json; charset=utf-8
Content-Length: 281
Etag: W/"119-aL6RGzGD0zDZbtd8ZFSVw527vQQ"
Date: Wed, 08 Nov 2023 09:24:52 GMT
Via: 1.1 vegur

{
    "access_token": "eyJhbGciOiJIUzI1NiIsInR5cCI6IkpXVCJ9.eyJpZCI6IjY1NGI1M2U0NTIyYWIyMDAxNDIyODY1YyIsImZpcnN0TmFtZSI6Ik1pdGNoZWwiLCJsYXN0TmFtZSI6IkhhcnZleSIsImlhdCI6MTY5OTQzNTQ5Mn0.rhySwMai7ilYlfiddJEb0MF8RRAJJT23YIAys0SHdM4",
    "userID": "654b53e4522ab2001422865c",
    "firstName": "Mitchel"
}
Request method:	POST
Request URI:	https://todo.qacart.com/api/v1/users/login
Proxy:			<none>
Request params:	<none>
Query params:	<none>
Form params:	<none>
Path params:	<none>
Headers:		Accept=*/*
				Content-Type=application/json
Cookies:		<none>
Multiparts:		<none>
Body:
{
    "email": "stephan.sporer@gmail.com",
    "password": "test123r"
}
Request method:	POST
Request URI:	https://todo.qacart.com/api/v1/users/login
Proxy:			<none>
Request params:	<none>
Query params:	<none>
Form params:	<none>
Path params:	<none>
Headers:		Accept=*/*
				Content-Type=application/json
Cookies:		<none>
Multiparts:		<none>
Body:
{
    "email": "shauna.doyle@hotmail.com",
    "password": "testres"
}
Request method:	POST
Request URI:	https://todo.qacart.com/api/v1/users/register
Proxy:			<none>
Request params:	<none>
Query params:	<none>
Form params:	<none>
Path params:	<none>
Headers:		Accept=*/*
				Content-Type=application/json
Cookies:		<none>
Multiparts:		<none>
Body:
{
    "email": "blaine.quigley@yahoo.com",
    "password": "test123r",
    "firstName": "Tyson",
    "lastName": "Schmidt"
}
]]></system-out>
    <system-err><![CDATA[SLF4J: Failed to load class "org.slf4j.impl.StaticLoggerBinder".
SLF4J: Defaulting to no-operation (NOP) logger implementation
SLF4J: See http://www.slf4j.org/codes.html#StaticLoggerBinder for further details.
]]></system-err>
  </testcase>
  <testcase name="shouldNotBeAbleToLoginIfThePasswordIsNotCorrect" classname="TODO.TestCases.UserTest" time="6.454">
    <system-out><![CDATA[HTTP/1.1 400 Bad Request
Server: Cowboy
Report-To: {"group":"heroku-nel","max_age":3600,"endpoints":[{"url":"https://nel.heroku.com/reports?ts=1699435493&sid=812dcc77-0bd0-43b1-a5f1-b25750382959&s=qOe8MsfZbv37Ikd%2FU5j91yNbzfpkN4RJRkZtFLpZQY0%3D"}]}
Reporting-Endpoints: heroku-nel=https://nel.heroku.com/reports?ts=1699435493&sid=812dcc77-0bd0-43b1-a5f1-b25750382959&s=qOe8MsfZbv37Ikd%2FU5j91yNbzfpkN4RJRkZtFLpZQY0%3D
Nel: {"report_to":"heroku-nel","max_age":3600,"success_fraction":0.005,"failure_fraction":0.05,"response_headers":["Via"]}
Connection: keep-alive
X-Powered-By: Express
Access-Control-Allow-Origin: *
Content-Type: application/json; charset=utf-8
Content-Length: 44
Etag: W/"2c-OQksK/mr1BwIe3bT0tzF8TOXm6U"
Date: Wed, 08 Nov 2023 09:24:53 GMT
Via: 1.1 vegur

{
    "message": "Please Fill a correct Password"
}
]]></system-out>
  </testcase>
  <testcase name="shouldBeAbleToLogin" classname="TODO.TestCases.UserTest" time="6.51">
    <system-out><![CDATA[HTTP/1.1 400 Bad Request
Server: Cowboy
Report-To: {"group":"heroku-nel","max_age":3600,"endpoints":[{"url":"https://nel.heroku.com/reports?ts=1699435493&sid=812dcc77-0bd0-43b1-a5f1-b25750382959&s=qOe8MsfZbv37Ikd%2FU5j91yNbzfpkN4RJRkZtFLpZQY0%3D"}]}
Reporting-Endpoints: heroku-nel=https://nel.heroku.com/reports?ts=1699435493&sid=812dcc77-0bd0-43b1-a5f1-b25750382959&s=qOe8MsfZbv37Ikd%2FU5j91yNbzfpkN4RJRkZtFLpZQY0%3D
Nel: {"report_to":"heroku-nel","max_age":3600,"success_fraction":0.005,"failure_fraction":0.05,"response_headers":["Via"]}
Connection: keep-alive
X-Powered-By: Express
Access-Control-Allow-Origin: *
Content-Type: application/json; charset=utf-8
Content-Length: 53
Etag: W/"35-dsxV0+vy1L0TgNQY0Spaqv/j9fw"
Date: Wed, 08 Nov 2023 09:24:53 GMT
Via: 1.1 vegur

{
    "message": "Email is already exists in the Database"
}
HTTP/1.1 200 OK
Server: Cowboy
Report-To: {"group":"heroku-nel","max_age":3600,"endpoints":[{"url":"https://nel.heroku.com/reports?ts=1699435493&sid=812dcc77-0bd0-43b1-a5f1-b25750382959&s=qOe8MsfZbv37Ikd%2FU5j91yNbzfpkN4RJRkZtFLpZQY0%3D"}]}
Reporting-Endpoints: heroku-nel=https://nel.heroku.com/reports?ts=1699435493&sid=812dcc77-0bd0-43b1-a5f1-b25750382959&s=qOe8MsfZbv37Ikd%2FU5j91yNbzfpkN4RJRkZtFLpZQY0%3D
Nel: {"report_to":"heroku-nel","max_age":3600,"success_fraction":0.005,"failure_fraction":0.05,"response_headers":["Via"]}
Connection: keep-alive
X-Powered-By: Express
Access-Control-Allow-Origin: *
Set-Cookie: access_token=eyJhbGciOiJIUzI1NiIsInR5cCI6IkpXVCJ9.eyJpZCI6IjY1NGI1M2U0NTIyYWIyMDAxNDIyODY1YyIsImZpcnN0TmFtZSI6Ik1pdGNoZWwiLCJsYXN0TmFtZSI6IkhhcnZleSIsImlhdCI6MTY5OTQzNTQ5M30.5vAYbcgcQFBU7OADtDp9J-uTVyBODrXcMQZ0y6ZSTGs; Path=/
Set-Cookie: userID=j%3A%22654b53e4522ab2001422865c%22; Path=/
Set-Cookie: firstName=Mitchel; Path=/
Content-Type: application/json; charset=utf-8
Content-Length: 281
Etag: W/"119-rMieb+Z8g6GMI4osX94ipVMVYUo"
Date: Wed, 08 Nov 2023 09:24:53 GMT
Via: 1.1 vegur

{
    "access_token": "eyJhbGciOiJIUzI1NiIsInR5cCI6IkpXVCJ9.eyJpZCI6IjY1NGI1M2U0NTIyYWIyMDAxNDIyODY1YyIsImZpcnN0TmFtZSI6Ik1pdGNoZWwiLCJsYXN0TmFtZSI6IkhhcnZleSIsImlhdCI6MTY5OTQzNTQ5M30.5vAYbcgcQFBU7OADtDp9J-uTVyBODrXcMQZ0y6ZSTGs",
    "userID": "654b53e4522ab2001422865c",
    "firstName": "Mitchel"
}
]]></system-out>
  </testcase>
  <testcase name="shouldBeAbleToRegistrerWithTheSameEmail" classname="TODO.TestCases.UserTest" time="6.512"/>
  <testcase name="shouldNotBeAbleTodoIfIsCompletedIsMissing" classname="TODO.TestCases.TodoTest" time="7.573">
    <system-out><![CDATA[Request method:	POST
Request URI:	https://todo.qacart.com/api/v1/tasks
Proxy:			<none>
Request params:	<none>
Query params:	<none>
Form params:	<none>
Path params:	<none>
Headers:		Accept=*/*
				Content-Type=application/json
Cookies:		<none>
Multiparts:		<none>
Body:
{
    "item": "Learn Postman"
}
Request method:	POST
Request URI:	https://todo.qacart.com/api/v1/tasks
Proxy:			<none>
Request params:	<none>
Query params:	<none>
Form params:	<none>
Path params:	<none>
Headers:		Accept=*/*
				Content-Type=application/json
Cookies:		<none>
Multiparts:		<none>
Body:
{
    "item": "The Little Foxes",
    "isCompleted": false
}
Request method:	POST
Request URI:	https://todo.qacart.com/api/v1/tasks
Proxy:			<none>
Request params:	<none>
Query params:	<none>
Form params:	<none>
Path params:	<none>
Headers:		Accept=*/*
				Content-Type=application/json
Cookies:		<none>
Multiparts:		<none>
Body:
{
    "item": "From Here to Eternity",
    "isCompleted": false
}
Request method:	POST
Request URI:	https://todo.qacart.com/api/v1/tasks
Proxy:			<none>
Request params:	<none>
Query params:	<none>
Form params:	<none>
Path params:	<none>
Headers:		Accept=*/*
				Content-Type=application/json
Cookies:		<none>
Multiparts:		<none>
Body:
{
    "item": "Such, Such Were the Joys",
    "isCompleted": false
}
HTTP/1.1 201 Created
Server: Cowboy
Report-To: {"group":"heroku-nel","max_age":3600,"endpoints":[{"url":"https://nel.heroku.com/reports?ts=1699435494&sid=812dcc77-0bd0-43b1-a5f1-b25750382959&s=KPW%2Fj9%2BRW7QBs81vPZ9zwB7cDGhhDtTwb0ElA7%2BISLU%3D"}]}
Reporting-Endpoints: heroku-nel=https://nel.heroku.com/reports?ts=1699435494&sid=812dcc77-0bd0-43b1-a5f1-b25750382959&s=KPW%2Fj9%2BRW7QBs81vPZ9zwB7cDGhhDtTwb0ElA7%2BISLU%3D
Nel: {"report_to":"heroku-nel","max_age":3600,"success_fraction":0.005,"failure_fraction":0.05,"response_headers":["Via"]}
Connection: keep-alive
X-Powered-By: Express
Access-Control-Allow-Origin: *
Content-Type: application/json; charset=utf-8
Content-Length: 163
Etag: W/"a3-DZBO11We1KzrAf/fPtB9KRw0qg8"
Date: Wed, 08 Nov 2023 09:24:54 GMT
Via: 1.1 vegur

{
    "isCompleted": false,
    "_id": "654b53e6522ab2001422866d",
    "item": "The Little Foxes",
    "userID": "654b53e4522ab20014228660",
    "createdAt": "2023-11-08T09:24:54.263Z",
    "__v": 0
}
HTTP/1.1 400 Bad Request
Server: Cowboy
Report-To: {"group":"heroku-nel","max_age":3600,"endpoints":[{"url":"https://nel.heroku.com/reports?ts=1699435494&sid=812dcc77-0bd0-43b1-a5f1-b25750382959&s=KPW%2Fj9%2BRW7QBs81vPZ9zwB7cDGhhDtTwb0ElA7%2BISLU%3D"}]}
Reporting-Endpoints: heroku-nel=https://nel.heroku.com/reports?ts=1699435494&sid=812dcc77-0bd0-43b1-a5f1-b25750382959&s=KPW%2Fj9%2BRW7QBs81vPZ9zwB7cDGhhDtTwb0ElA7%2BISLU%3D
Nel: {"report_to":"heroku-nel","max_age":3600,"success_fraction":0.005,"failure_fraction":0.05,"response_headers":["Via"]}
Connection: keep-alive
X-Powered-By: Express
Access-Control-Allow-Origin: *
Content-Type: application/json; charset=utf-8
Content-Length: 41
Etag: W/"29-6r/RqTsrv9UltwKyzcuXEXN5hS4"
Date: Wed, 08 Nov 2023 09:24:54 GMT
Via: 1.1 vegur

{
    "message": "\"isCompleted\" is required"
}
HTTP/1.1 201 Created
Server: Cowboy
Report-To: {"group":"heroku-nel","max_age":3600,"endpoints":[{"url":"https://nel.heroku.com/reports?ts=1699435494&sid=812dcc77-0bd0-43b1-a5f1-b25750382959&s=KPW%2Fj9%2BRW7QBs81vPZ9zwB7cDGhhDtTwb0ElA7%2BISLU%3D"}]}
Reporting-Endpoints: heroku-nel=https://nel.heroku.com/reports?ts=1699435494&sid=812dcc77-0bd0-43b1-a5f1-b25750382959&s=KPW%2Fj9%2BRW7QBs81vPZ9zwB7cDGhhDtTwb0ElA7%2BISLU%3D
Nel: {"report_to":"heroku-nel","max_age":3600,"success_fraction":0.005,"failure_fraction":0.05,"response_headers":["Via"]}
Connection: keep-alive
X-Powered-By: Express
Access-Control-Allow-Origin: *
Content-Type: application/json; charset=utf-8
Content-Length: 168
Etag: W/"a8-jhCAU6sbL529vLFAuKSPZDU4k2A"
Date: Wed, 08 Nov 2023 09:24:54 GMT
Via: 1.1 vegur

{
    "isCompleted": false,
    "_id": "654b53e6522ab20014228669",
    "item": "From Here to Eternity",
    "userID": "654b53e4522ab2001422865e",
    "createdAt": "2023-11-08T09:24:54.249Z",
    "__v": 0
}
HTTP/1.1 201 Created
Server: Cowboy
Report-To: {"group":"heroku-nel","max_age":3600,"endpoints":[{"url":"https://nel.heroku.com/reports?ts=1699435494&sid=812dcc77-0bd0-43b1-a5f1-b25750382959&s=KPW%2Fj9%2BRW7QBs81vPZ9zwB7cDGhhDtTwb0ElA7%2BISLU%3D"}]}
Reporting-Endpoints: heroku-nel=https://nel.heroku.com/reports?ts=1699435494&sid=812dcc77-0bd0-43b1-a5f1-b25750382959&s=KPW%2Fj9%2BRW7QBs81vPZ9zwB7cDGhhDtTwb0ElA7%2BISLU%3D
Nel: {"report_to":"heroku-nel","max_age":3600,"success_fraction":0.005,"failure_fraction":0.05,"response_headers":["Via"]}
Connection: keep-alive
X-Powered-By: Express
Access-Control-Allow-Origin: *
Content-Type: application/json; charset=utf-8
Content-Length: 171
Etag: W/"ab-eyukTF8aOK6qStNg56pBB5u57kg"
Date: Wed, 08 Nov 2023 09:24:54 GMT
Via: 1.1 vegur

{
    "isCompleted": false,
    "_id": "654b53e6522ab2001422866b",
    "item": "Such, Such Were the Joys",
    "userID": "654b53e4522ab20014228664",
    "createdAt": "2023-11-08T09:24:54.251Z",
    "__v": 0
}
]]></system-out>
  </testcase>
  <testcase name="shouldBeAbleToAddTodo" classname="TODO.TestCases.TodoTest" time="7.575"/>
  <testcase name="shouldBeAbleToGetATodoByID" classname="TODO.TestCases.TodoTest" time="8.012">
    <system-out><![CDATA[Request method:	GET
Request URI:	https://todo.qacart.com/api/v1/tasks/654b53e6522ab2001422866b
Proxy:			<none>
Request params:	<none>
Query params:	<none>
Form params:	<none>
Path params:	<none>
Headers:		Accept=*/*
				Content-Type=application/json
Cookies:		<none>
Multiparts:		<none>
Body:			<none>
Request method:	DELETE
Request URI:	https://todo.qacart.com/api/v1/tasks/654b53e6522ab2001422866d
Proxy:			<none>
Request params:	<none>
Query params:	<none>
Form params:	<none>
Path params:	<none>
Headers:		Accept=*/*
				Content-Type=application/json
Cookies:		<none>
Multiparts:		<none>
Body:			<none>
HTTP/1.1 200 OK
Server: Cowboy
Report-To: {"group":"heroku-nel","max_age":3600,"endpoints":[{"url":"https://nel.heroku.com/reports?ts=1699435494&sid=812dcc77-0bd0-43b1-a5f1-b25750382959&s=KPW%2Fj9%2BRW7QBs81vPZ9zwB7cDGhhDtTwb0ElA7%2BISLU%3D"}]}
Reporting-Endpoints: heroku-nel=https://nel.heroku.com/reports?ts=1699435494&sid=812dcc77-0bd0-43b1-a5f1-b25750382959&s=KPW%2Fj9%2BRW7QBs81vPZ9zwB7cDGhhDtTwb0ElA7%2BISLU%3D
Nel: {"report_to":"heroku-nel","max_age":3600,"success_fraction":0.005,"failure_fraction":0.05,"response_headers":["Via"]}
Connection: keep-alive
X-Powered-By: Express
Access-Control-Allow-Origin: *
Content-Type: application/json; charset=utf-8
Content-Length: 171
Etag: W/"ab-eyukTF8aOK6qStNg56pBB5u57kg"
Date: Wed, 08 Nov 2023 09:24:54 GMT
Via: 1.1 vegur

{
    "isCompleted": false,
    "_id": "654b53e6522ab2001422866b",
    "item": "Such, Such Were the Joys",
    "userID": "654b53e4522ab20014228664",
    "createdAt": "2023-11-08T09:24:54.251Z",
    "__v": 0
}
HTTP/1.1 200 OK
Server: Cowboy
Connection: keep-alive
X-Powered-By: Express
Access-Control-Allow-Origin: *
Content-Type: application/json; charset=utf-8
Content-Length: 163
Etag: W/"a3-DZBO11We1KzrAf/fPtB9KRw0qg8"
Date: Wed, 08 Nov 2023 09:24:54 GMT
Via: 1.1 vegur

{
    "isCompleted": false,
    "_id": "654b53e6522ab2001422866d",
    "item": "The Little Foxes",
    "userID": "654b53e4522ab20014228660",
    "createdAt": "2023-11-08T09:24:54.263Z",
    "__v": 0
}
]]></system-out>
  </testcase>
  <testcase name="shouldBeAbleToDeleteATodo" classname="TODO.TestCases.TodoTest" time="8.013"/>
</testsuite>