<?xml version="1.0" encoding="UTF-8"?>
<!-- Generated by org.testng.reporters.JUnitReportReporter -->
<testsuite hostname="Maaroufi" failures="0" tests="4" name="TODO.TestCases.TodoTest" time="8.321" errors="0" timestamp="2023-11-07T19:44:34 CET" skipped="0">
  <testcase classname="TODO.TestCases.TodoTest" name="shouldBeAbleToAddTodo" time="5.049"/>
  <system-out/>
  <testcase classname="TODO.TestCases.TodoTest" name="shouldNotBeAbleTodoIfIsCompletedIsMissing" time="0.868"/>
  <system-out/>
  <testcase classname="TODO.TestCases.TodoTest" name="shouldBeAbleToDeleteATodo" time="1.174"/>
  <system-out/>
  <testcase classname="TODO.TestCases.TodoTest" name="shouldBeAbleToGetATodoByID" time="1.230"/>
  <system-out/>
</testsuite> <!-- TODO.TestCases.TodoTest -->
