<?xml version="1.0" encoding="UTF-8"?>
<!-- Generated by org.testng.reporters.JUnitReportReporter -->
<testsuite hostname="Maaroufi" failures="0" tests="4" name="TODO.TestCases.UserTest" time="6.912" errors="0" timestamp="2023-11-07T19:44:17 CET" skipped="0">
  <testcase classname="TODO.TestCases.UserTest" name="shouldBeAbleToRegistrer" time="0.558"/>
  <system-out/>
  <testcase classname="TODO.TestCases.UserTest" name="shouldBeAbleToLogin" time="4.477"/>
  <system-out/>
  <testcase classname="TODO.TestCases.UserTest" name="shouldNotBeAbleToLoginIfThePasswordIsNotCorrect" time="0.758"/>
  <system-out/>
  <testcase classname="TODO.TestCases.UserTest" name="shouldBeAbleToRegistrerWithTheSameEmail" time="1.119"/>
  <system-out/>
</testsuite> <!-- TODO.TestCases.UserTest -->
