<?xml version="1.0" encoding="UTF-8"?>
<!-- Generated by org.testng.reporters.JUnitReportReporter -->
<testsuite hostname="Maaroufi" failures="0" tests="4" name="TODO.TestCases.UserTest" time="25.631" errors="0" timestamp="2023-11-08T10:24:55 CET" skipped="0">
  <testcase classname="TODO.TestCases.UserTest" name="shouldBeAbleToRegistrer" time="6.161"/>
  <system-out/>
  <testcase classname="TODO.TestCases.UserTest" name="shouldNotBeAbleToLoginIfThePasswordIsNotCorrect" time="6.458"/>
  <system-out/>
  <testcase classname="TODO.TestCases.UserTest" name="shouldBeAbleToLogin" time="6.503"/>
  <system-out/>
  <testcase classname="TODO.TestCases.UserTest" name="shouldBeAbleToRegistrerWithTheSameEmail" time="6.509"/>
  <system-out/>
</testsuite> <!-- TODO.TestCases.UserTest -->
