<?xml version="1.0" encoding="UTF-8"?>
<!-- Generated by org.testng.reporters.JUnitReportReporter -->
<testsuite hostname="Maaroufi" failures="0" tests="4" name="TODO.TestCases.TodoTest" time="31.132" errors="0" timestamp="2023-11-08T10:24:55 CET" skipped="0">
  <testcase classname="TODO.TestCases.TodoTest" name="shouldBeAbleToDeleteATodo" time="8.015"/>
  <system-out/>
  <testcase classname="TODO.TestCases.TodoTest" name="shouldNotBeAbleTodoIfIsCompletedIsMissing" time="7.550"/>
  <system-out/>
  <testcase classname="TODO.TestCases.TodoTest" name="shouldBeAbleToAddTodo" time="7.554"/>
  <system-out/>
  <testcase classname="TODO.TestCases.TodoTest" name="shouldBeAbleToGetATodoByID" time="8.013"/>
  <system-out/>
</testsuite> <!-- TODO.TestCases.TodoTest -->
